<?xml version="1.0" encoding="UTF-8"?>
<!-- Generated by org.testng.reporters.JUnitXMLReporter -->
<testsuite ignored="0" hostname="Dell" failures="0" tests="3" name="Default test" time="0.042" errors="0" timestamp="2021-04-18T01:24:11 IST">
  <testcase classname="TestNG.day4_Home_loan" name="WebloaginHomeloan" time="0.005"/>
  <testcase classname="TestNG.day4_Home_loan" name="WebloaginHomeloan" time="0.001"/>
  <testcase classname="TestNG.day4_Home_loan" name="WebloaginHomeloan" time="0.001"/>
</testsuite> <!-- Default test -->
