<?xml version="1.0" encoding="UTF-8"?>
<!-- Generated by org.testng.reporters.JUnitXMLReporter -->
<testsuite ignored="0" hostname="Dell" failures="0" tests="6" name="car loan" time="0.044" errors="0" timestamp="2021-04-17T12:43:37 IST">
  <testcase classname="TestNG.day3Carloan" name="LoginAPi" time="0.004"/>
  <testcase classname="TestNG.day3Carloan" name="WebloaginCarloan" time="0.002"/>
  <testcase classname="TestNG.day3Carloan" name="loaginCarloan2" time="0.002"/>
  <testcase classname="TestNG.day3Carloan" name="loaginCarloan3" time="0.001"/>
  <testcase classname="TestNG.day3Carloan" name="MobileloaginCarloan4" time="0.004"/>
  <testcase classname="TestNG.day3Carloan" name="MobileloaginCarloan5" time="0.001"/>
</testsuite> <!-- car loan -->
