<?xml version="1.0" encoding="UTF-8"?>
<!-- Generated by org.testng.reporters.JUnitXMLReporter -->
<testsuite ignored="0" hostname="Dell" failures="0" tests="3" name="Test" time="0.049" errors="0" timestamp="2021-04-17T20:02:45 IST">
  <testcase classname="TestNG.day4_Home_loan" name="WebloaginHomeloan" time="0.006"/>
  <testcase classname="TestNG.day4_Home_loan" name="WebloaginHomeloan" time="0.002"/>
  <testcase classname="TestNG.day4_Home_loan" name="WebloaginHomeloan" time="0.001"/>
</testsuite> <!-- Test -->
