<?xml version="1.0" encoding="UTF-8"?>
<!-- Generated by org.testng.reporters.JUnitXMLReporter -->
<testsuite ignored="2" hostname="Dell" failures="1" tests="5" name="Car Loan" time="0.016" errors="0" timestamp="20 Jul 2020 18:14:23 GMT">
  <testcase classname="TestNG.day3Carloan" name="LoginAPi" time="0.001"/>
  <testcase classname="TestNG.day3Carloan" name="WebloaginCarloan" time="0.001"/>
  <testcase classname="TestNG.day3Carloan" name="globalvaribaleloaginCarloan" time="0.0">
    <failure type="org.testng.TestNGException" message="
Parameter &amp;apos;URL&amp;apos; is required by @Test on method globalvaribaleloaginCarloan but has not been marked @Optional or defined
in C:\Users\Dell\eclipse-workspace\CoreJavafrombegining\testng.xml">
      <![CDATA[org.testng.TestNGException: 
Parameter 'URL' is required by @Test on method globalvaribaleloaginCarloan but has not been marked @Optional or defined
in C:\Users\Dell\eclipse-workspace\CoreJavafrombegining\testng.xml
... Removed 24 stack frames]]>
    </failure>
  </testcase> <!-- globalvaribaleloaginCarloan -->
  <testcase classname="TestNG.day3Carloan" name="loaginCarloan2" time="0.001"/>
  <testcase classname="TestNG.day3Carloan" name="loaginCarloan3" time="0.001"/>
  <testcase classname="TestNG.day3Carloan" name="MobileloaginCarloan4" time="0.0">
    <ignored/>
  </testcase> <!-- MobileloaginCarloan4 -->
  <testcase classname="TestNG.day3Carloan" name="MobileloaginCarloan5" time="0.0">
    <ignored/>
  </testcase> <!-- MobileloaginCarloan5 -->
</testsuite> <!-- Car Loan -->
