<?xml version="1.0" encoding="UTF-8"?>
<!-- Generated by org.testng.reporters.JUnitXMLReporter -->
<testsuite ignored="2" hostname="Dell" failures="0" tests="3" name="Personal Loans" time="0.018" errors="0" timestamp="20 Jul 2020 18:14:23 GMT">
  <testcase classname="TestNG.D135_Day1" name="Demo" time="0.003"/>
  <testcase classname="TestNG.D135_Day1" name="Demo1" time="0.001"/>
  <testcase classname="TestNG.Day2" name="Demotest2" time="0.001"/>
  <testcase classname="TestNG.Day2" name="Demotest4" time="0.0">
    <ignored/>
  </testcase> <!-- Demotest4 -->
  <testcase classname="TestNG.Day2" name="Demotest3" time="0.0">
    <ignored/>
  </testcase> <!-- Demotest3 -->
</testsuite> <!-- Personal Loans -->
