<?xml version="1.0" encoding="UTF-8"?>
<!-- Generated by org.testng.reporters.JUnitXMLReporter -->
<testsuite ignored="3" hostname="Dell" failures="0" tests="12" name="Regression Suits" time="0.045" errors="0" timestamp="20 Jul 2020 18:30:27 GMT">
  <testcase classname="TestNG.D135_Day1" name="Demo" time="0.003"/>
  <testcase classname="TestNG.D135_Day1" name="Demo1" time="0.001"/>
  <testcase classname="TestNG.Day2" name="Demotest2" time="0.0"/>
  <testcase classname="TestNG.Day2" name="Demotest3" time="0.001"/>
  <testcase classname="TestNG.Day2" name="Demotest4" time="0.001"/>
  <testcase classname="TestNG.day3Carloan" name="WebloaginCarloan" time="0.001"/>
  <testcase classname="TestNG.day3Carloan" name="globalvaribaleloaginCarloan" time="0.001"/>
  <testcase classname="TestNG.day3Carloan" name="MobileloaginCarloan4" time="0.005"/>
  <testcase classname="TestNG.day3Carloan" name="MobileloaginCarloan5" time="0.0"/>
  <testcase classname="TestNG.day4_Home_loan" name="WebloaginHomeloan" time="0.001"/>
  <testcase classname="TestNG.day4_Home_loan" name="WebloaginHomeloan" time="0.0"/>
  <testcase classname="TestNG.day4_Home_loan" name="WebloaginHomeloan" time="0.0"/>
  <testcase classname="TestNG.day3Carloan" name="loaginCarloan3" time="0.0">
    <ignored/>
  </testcase> <!-- loaginCarloan3 -->
  <testcase classname="TestNG.day3Carloan" name="loaginCarloan2" time="0.0">
    <ignored/>
  </testcase> <!-- loaginCarloan2 -->
  <testcase classname="TestNG.day3Carloan" name="LoginAPi" time="0.0">
    <ignored/>
  </testcase> <!-- LoginAPi -->
</testsuite> <!-- Regression Suits -->
