<?xml version="1.0" encoding="UTF-8"?>
<testng-results ignored="0" total="3" passed="3" failed="0" skipped="0">
  <reporter-output>
  </reporter-output>
  <suite started-at="2021-04-18T01:24:11 IST" name="Default suite" finished-at="2021-04-18T01:24:11 IST" duration-ms="42">
    <groups>
    </groups>
    <test started-at="2021-04-18T01:24:11 IST" name="Default test" finished-at="2021-04-18T01:24:11 IST" duration-ms="42">
      <class name="TestNG.day4_Home_loan">
        <test-method signature="WebloaginHomeloan(java.lang.String, java.lang.String)[pri:0, instance:TestNG.day4_Home_loan@11a9e7c8]" started-at="2021-04-18T01:24:11 IST" name="WebloaginHomeloan" data-provider="dataprovidermethod" finished-at="2021-04-18T01:24:11 IST" duration-ms="5" status="PASS">
          <params>
            <param index="0">
              <value>
                <![CDATA[fistUsername]]>
              </value>
            </param>
            <param index="1">
              <value>
                <![CDATA[fistpassword]]>
              </value>
            </param>
          </params>
          <reporter-output>
          </reporter-output>
        </test-method> <!-- WebloaginHomeloan -->
        <test-method signature="WebloaginHomeloan(java.lang.String, java.lang.String)[pri:0, instance:TestNG.day4_Home_loan@11a9e7c8]" started-at="2021-04-18T01:24:11 IST" name="WebloaginHomeloan" data-provider="dataprovidermethod" finished-at="2021-04-18T01:24:11 IST" duration-ms="1" status="PASS">
          <params>
            <param index="0">
              <value>
                <![CDATA[secndUsername]]>
              </value>
            </param>
            <param index="1">
              <value>
                <![CDATA[secnpassword]]>
              </value>
            </param>
          </params>
          <reporter-output>
          </reporter-output>
        </test-method> <!-- WebloaginHomeloan -->
        <test-method signature="WebloaginHomeloan(java.lang.String, java.lang.String)[pri:0, instance:TestNG.day4_Home_loan@11a9e7c8]" started-at="2021-04-18T01:24:11 IST" name="WebloaginHomeloan" data-provider="dataprovidermethod" finished-at="2021-04-18T01:24:11 IST" duration-ms="1" status="PASS">
          <params>
            <param index="0">
              <value>
                <![CDATA[thirdUsername]]>
              </value>
            </param>
            <param index="1">
              <value>
                <![CDATA[thirdpassword]]>
              </value>
            </param>
          </params>
          <reporter-output>
          </reporter-output>
        </test-method> <!-- WebloaginHomeloan -->
      </class> <!-- TestNG.day4_Home_loan -->
    </test> <!-- Default test -->
  </suite> <!-- Default suite -->
</testng-results>
